[INFO] Motor M3 assumed as right_front
[INFO] Command: set_motor(0, 0, 18.0, 0) for 2.0s

Traceback (most recent call last):
  File "/usr/lib/python3/dist-packages/serial/serialposix.py", line 322, in open
    self.fd = os.open(self.portstr, os.O_RDWR | os.O_NOCTTY | os.O_NONBLOCK)
              ^^^^^^^^^^^^^^^^^^^^^^^^^^^^^^^^^^^^^^^^^^^^^^^^^^^^^^^^^^^^^^
FileNotFoundError: [Errno 2] No such file or directory: '/dev/myserial'

During handling of the above exception, another exception occurred:

Traceback (most recent call last):
  File "/home/pi/chay/new/test_motors.py", line 107, in <module>
    main()
  File "/home/pi/chay/new/test_motors.py", line 92, in main
    bot = Rosmaster()
          ^^^^^^^^^^^
  File "/usr/local/lib/python3.11/dist-packages/Rosmaster_Lib-3.3.9-py3.11.egg/Rosmaster_Lib/Rosmaster_Lib.py", line 20, in __init__
  File "/usr/lib/python3/dist-packages/serial/serialutil.py", line 244, in __init__
    self.open()
  File "/usr/lib/python3/dist-packages/serial/serialposix.py", line 325, in open
    raise SerialException(msg.errno, "could not open port {}: {}".format(self._port, msg))
serial.serialutil.SerialException: [Errno 2] could not open port /dev/myserial: [Errno 2] No such file or directory: '/dev/myserial'
Exception ignored in: <function Rosmaster.__del__ at 0x7fff9f18b100>
Traceback (most recent call last):
  File "/usr/local/lib/python3.11/dist-packages/Rosmaster_Lib-3.3.9-py3.11.egg/Rosmaster_Lib/Rosmaster_Lib.py", line 134, in __del__
AttributeError: 'Rosmaster' object has no attribute 'ser'
